2024-09-26 12:41:24 INFO  EmpCreationPagewithJSON:38 -
			***Start First TestCase ****
2024-09-26 12:41:47 INFO  EmpCreationPagewithJSON:24 -
			***Start Emp Creations with JSON Case ****
2024-09-26 12:41:57 INFO  EmpCreationPagewithJSON:37 -
			Enter First Name
2024-09-26 12:41:58 INFO  EmpCreationPagewithJSON:44 -
			Enter Middel Name
2024-09-26 12:41:58 INFO  EmpCreationPagewithJSON:50 -
			Enter Last Name
2024-09-26 12:41:58 INFO  EmpCreationPagewithJSON:55 -
			Swap tongle
2024-09-26 12:41:58 INFO  EmpCreationPagewithJSON:57 -
			Enter Username Name
2024-09-26 12:41:58 INFO  EmpCreationPagewithJSON:64 -
			Enter Password
2024-09-26 12:41:59 INFO  EmpCreationPagewithJSON:70 -
			Click Submit button
2024-09-26 12:41:59 INFO  EmpCreationPagewithJSON:72 -
			check Personal Details visible or not
2024-09-26 12:42:05 INFO  EmpCreationPagewithJSON:82 -
			Log out the page
2024-09-26 12:42:07 INFO  EmpCreationPagewithJSON:90 -
			Login with New EMP username
2024-09-26 12:42:08 INFO  EmpCreationPagewithJSON:93 -
			Login with New EMP Pasword
2024-09-26 12:42:14 INFO  EmpCreationPagewithJSON:97 -
			Login succsefully Done
2024-09-26 12:42:15 INFO  LoginPage:38 -
			***Start First TestCase ****
2024-09-26 12:42:26 INFO  LoginPage:24 -
			***Start Emp Creations with Property Case ****
2024-09-26 12:42:33 INFO  LoginPage:40 -
			***Start Invalid Json Login ****
2024-09-26 12:42:33 INFO  LoginPage:44 -
			Login with Invalid username
2024-09-26 12:42:33 INFO  LoginPage:47 -
			Login with valid Json Pasword
2024-09-26 12:42:38 INFO  LoginPage:54 -
			Login is succsefully Done
